12:55:52 PM [vite] hmr update /src/components/CreateTab.vue
1:00:05 PM [vite] hmr update /src/components/CreateTab.vue
1:05:33 PM [vite] hmr update /src/components/CreateTab.vue
1:06:21 PM [vite] hmr update /src/components/CreateTab.vue
1:06:47 PM [vite] hmr update /src/components/Navbar.vue
1:07:34 PM [vite] hmr update /src/components/CreateTab.vue
1:08:19 PM [vite] hmr update /src/components/CreateTab.vue
1:37:37 PM [vite] page reload src/plugins/router.js
1:37:37 PM [vite] hmr update /src/components/ArticleComponent.vue
1:37:37 PM [vite] hmr update /src/components/Auth.vue
1:37:37 PM [vite] hmr update /src/components/Register.vue
1:37:37 PM [vite] hmr update /src/components/CreateTab.vue
1:37:37 PM [vite] hmr update /src/pages/MainPage.vue
1:37:37 PM [vite] hmr update /src/pages/TestArticle.vue
[vite:css] Nested CSS was detected, but CSS nesting has not been configured correctly.
Please enable a CSS nesting plugin *before* Tailwind in your configuration.
See how here: https://tailwindcss.com/docs/using-with-preprocessors#nesting
333|    background-position: 12px 11px;
334|  
335|    &:hover {
   |    ^^^^^^^^^
336|  
   |  ^
337|    }
   |  ^^^
[vite:css] Nested CSS was detected, but CSS nesting has not been configured correctly.
Please enable a CSS nesting plugin *before* Tailwind in your configuration.
See how here: https://tailwindcss.com/docs/using-with-preprocessors#nesting
350|    background-position: 12px 11px;
351|  
352|    &:hover {
   |    ^^^^^^^^^
353|  
   |  ^
354|    }
   |  ^^^
1:37:37 PM [vite] ✨ new dependencies optimized: vuetify/lib/components/VBtnToggle/index.mjs
1:37:37 PM [vite] ✨ optimized dependencies changed. reloading
[vite:css] Nested CSS was detected, but CSS nesting has not been configured correctly.
Please enable a CSS nesting plugin *before* Tailwind in your configuration.
See how here: https://tailwindcss.com/docs/using-with-preprocessors#nesting
350|    background-position: 12px 11px;
351|  
352|    &:hover {
   |    ^^^^^^^^^
353|  
   |  ^
354|    }
   |  ^^^
[vite:css] Nested CSS was detected, but CSS nesting has not been configured correctly.
Please enable a CSS nesting plugin *before* Tailwind in your configuration.
See how here: https://tailwindcss.com/docs/using-with-preprocessors#nesting
333|    background-position: 12px 11px;
334|  
335|    &:hover {
   |    ^^^^^^^^^
336|  
   |  ^
337|    }
   |  ^^^
1:39:02 PM [vite] hmr update /src/components/Register.vue
[vite:css] Nested CSS was detected, but CSS nesting has not been configured correctly.
Please enable a CSS nesting plugin *before* Tailwind in your configuration.
See how here: https://tailwindcss.com/docs/using-with-preprocessors#nesting
350|    background-position: 12px 11px;
351|  
352|    &:hover {
   |    ^^^^^^^^^
353|  
   |  ^
354|    }
   |  ^^^
1:39:16 PM [vite] hmr update /src/components/Register.vue
[vite:css] Nested CSS was detected, but CSS nesting has not been configured correctly.
Please enable a CSS nesting plugin *before* Tailwind in your configuration.
See how here: https://tailwindcss.com/docs/using-with-preprocessors#nesting
350|    background-position: 12px 11px;
351|  
352|    &:hover {
   |    ^^^^^^^^^
353|  
   |  ^
354|    }
   |  ^^^
1:40:02 PM [vite] hmr update /src/components/Register.vue
[vite:css] Nested CSS was detected, but CSS nesting has not been configured correctly.
Please enable a CSS nesting plugin *before* Tailwind in your configuration.
See how here: https://tailwindcss.com/docs/using-with-preprocessors#nesting
350|    background-position: 12px 11px;
351|  
352|    &:hover {
   |    ^^^^^^^^^
353|  
   |  ^
354|    }
   |  ^^^
1:40:25 PM [vite] hmr update /src/components/Register.vue
[vite:css] Nested CSS was detected, but CSS nesting has not been configured correctly.
Please enable a CSS nesting plugin *before* Tailwind in your configuration.
See how here: https://tailwindcss.com/docs/using-with-preprocessors#nesting
350|    background-position: 12px 11px;
351|  
352|    &:hover {
   |    ^^^^^^^^^
353|  
   |  ^
354|    }
   |  ^^^
1:40:30 PM [vite] hmr update /src/components/Register.vue
[vite:css] Nested CSS was detected, but CSS nesting has not been configured correctly.
Please enable a CSS nesting plugin *before* Tailwind in your configuration.
See how here: https://tailwindcss.com/docs/using-with-preprocessors#nesting
350|    background-position: 12px 11px;
351|  
352|    &:hover {
   |    ^^^^^^^^^
353|  
   |  ^
354|    }
   |  ^^^
1:40:59 PM [vite] hmr update /src/components/Register.vue
[vite:css] Nested CSS was detected, but CSS nesting has not been configured correctly.
Please enable a CSS nesting plugin *before* Tailwind in your configuration.
See how here: https://tailwindcss.com/docs/using-with-preprocessors#nesting
350|    background-position: 12px 11px;
351|  
352|    &:hover {
   |    ^^^^^^^^^
353|  
   |  ^
354|    }
   |  ^^^
1:41:27 PM [vite] hmr update /src/components/Register.vue
[vite:css] Nested CSS was detected, but CSS nesting has not been configured correctly.
Please enable a CSS nesting plugin *before* Tailwind in your configuration.
See how here: https://tailwindcss.com/docs/using-with-preprocessors#nesting
350|    background-position: 12px 11px;
351|  
352|    &:hover {
   |    ^^^^^^^^^
353|  
   |  ^
354|    }
   |  ^^^
1:41:41 PM [vite] hmr update /src/components/Register.vue
[vite:css] Nested CSS was detected, but CSS nesting has not been configured correctly.
Please enable a CSS nesting plugin *before* Tailwind in your configuration.
See how here: https://tailwindcss.com/docs/using-with-preprocessors#nesting
350|    background-position: 12px 11px;
351|  
352|    &:hover {
   |    ^^^^^^^^^
353|  
   |  ^
354|    }
   |  ^^^
1:46:09 PM [vite] hmr update /src/components/Register.vue
[vite:css] Nested CSS was detected, but CSS nesting has not been configured correctly.
Please enable a CSS nesting plugin *before* Tailwind in your configuration.
See how here: https://tailwindcss.com/docs/using-with-preprocessors#nesting
350|    background-position: 12px 11px;
351|  
352|    &:hover {
   |    ^^^^^^^^^
353|  
   |  ^
354|    }
   |  ^^^
1:47:29 PM [vite] hmr update /src/components/Register.vue
[vite:css] Nested CSS was detected, but CSS nesting has not been configured correctly.
Please enable a CSS nesting plugin *before* Tailwind in your configuration.
See how here: https://tailwindcss.com/docs/using-with-preprocessors#nesting
350|    background-position: 12px 11px;
351|  
352|    &:hover {
   |    ^^^^^^^^^
353|  
   |  ^
354|    }
   |  ^^^
1:49:47 PM [vite] hmr update /src/components/Register.vue?vue&type=style&index=0&scoped=6200fa47&lang.css
[vite:css] Nested CSS was detected, but CSS nesting has not been configured correctly.
Please enable a CSS nesting plugin *before* Tailwind in your configuration.
See how here: https://tailwindcss.com/docs/using-with-preprocessors#nesting
350|    background-position: 12px 11px;
351|  
352|    &:hover {
   |    ^^^^^^^^^
353|  
   |  ^
354|    }
   |  ^^^
1:50:20 PM [vite] hmr update /src/components/Register.vue
[vite:css] Nested CSS was detected, but CSS nesting has not been configured correctly.
Please enable a CSS nesting plugin *before* Tailwind in your configuration.
See how here: https://tailwindcss.com/docs/using-with-preprocessors#nesting
350|    background-position: 12px 11px;
351|  
352|    &:hover {
   |    ^^^^^^^^^
353|  
   |  ^
354|    }
   |  ^^^
1:50:42 PM [vite] hmr update /src/components/Register.vue
[vite:css] Nested CSS was detected, but CSS nesting has not been configured correctly.
Please enable a CSS nesting plugin *before* Tailwind in your configuration.
See how here: https://tailwindcss.com/docs/using-with-preprocessors#nesting
350|    background-position: 12px 11px;
351|  
352|    &:hover {
   |    ^^^^^^^^^
353|  
   |  ^
354|    }
   |  ^^^
1:51:59 PM [vite] hmr update /src/components/Register.vue
[vite:css] Nested CSS was detected, but CSS nesting has not been configured correctly.
Please enable a CSS nesting plugin *before* Tailwind in your configuration.
See how here: https://tailwindcss.com/docs/using-with-preprocessors#nesting
350|    background-position: 12px 11px;
351|  
352|    &:hover {
   |    ^^^^^^^^^
353|  
   |  ^
354|    }
   |  ^^^
1:54:09 PM [vite] hmr update /src/components/Register.vue
[vite:css] Nested CSS was detected, but CSS nesting has not been configured correctly.
Please enable a CSS nesting plugin *before* Tailwind in your configuration.
See how here: https://tailwindcss.com/docs/using-with-preprocessors#nesting
350|    background-position: 12px 11px;
351|  
352|    &:hover {
   |    ^^^^^^^^^
353|  
   |  ^
354|    }
   |  ^^^
1:54:31 PM [vite] hmr update /src/components/Register.vue
[vite:css] Nested CSS was detected, but CSS nesting has not been configured correctly.
Please enable a CSS nesting plugin *before* Tailwind in your configuration.
See how here: https://tailwindcss.com/docs/using-with-preprocessors#nesting
350|    background-position: 12px 11px;
351|  
352|    &:hover {
   |    ^^^^^^^^^
353|  
   |  ^
354|    }
   |  ^^^
1:56:04 PM [vite] hmr update /src/components/Register.vue
1:56:04 PM [vite] Internal server error: Element is missing end tag.
  Plugin: vite:vue
  File: /Users/azidinkun/Desktop/internLabs/opinion-frontend/src/components/Register.vue:8:7
  6  |        <div class="fadeIn first"></div>
  7  |  
  8  |        <form @submit.prevent="register">
     |         ^
  9  |          <div class="form-group">
  10 |            <input type="text" v-model="firstName" id="firstName" class="fadeIn second" name="firstName"
      at createCompilerError (/Users/azidinkun/Desktop/internLabs/opinion-frontend/node_modules/@vue/compiler-core/dist/compiler-core.cjs.js:1332:17)
      at emitError (/Users/azidinkun/Desktop/internLabs/opinion-frontend/node_modules/@vue/compiler-core/dist/compiler-core.cjs.js:2822:5)
      at Object.onclosetag (/Users/azidinkun/Desktop/internLabs/opinion-frontend/node_modules/@vue/compiler-core/dist/compiler-core.cjs.js:2186:13)
      at Tokenizer.stateInClosingTagName (/Users/azidinkun/Desktop/internLabs/opinion-frontend/node_modules/@vue/compiler-core/dist/compiler-core.cjs.js:750:16)
      at Tokenizer.parse (/Users/azidinkun/Desktop/internLabs/opinion-frontend/node_modules/@vue/compiler-core/dist/compiler-core.cjs.js:1110:16)
      at Object.baseParse (/Users/azidinkun/Desktop/internLabs/opinion-frontend/node_modules/@vue/compiler-core/dist/compiler-core.cjs.js:2861:13)
      at Object.parse (/Users/azidinkun/Desktop/internLabs/opinion-frontend/node_modules/@vue/compiler-dom/dist/compiler-dom.cjs.js:703:23)
      at Object.parse$2 [as parse] (/Users/azidinkun/Desktop/internLabs/opinion-frontend/node_modules/@vue/compiler-sfc/dist/compiler-sfc.cjs.js:1851:24)
      at createDescriptor (file:///Users/azidinkun/Desktop/internLabs/opinion-frontend/node_modules/@vitejs/plugin-vue/dist/index.mjs:74:43)
      at handleHotUpdate (file:///Users/azidinkun/Desktop/internLabs/opinion-frontend/node_modules/@vitejs/plugin-vue/dist/index.mjs:2155:26)
1:56:04 PM [vite] Internal server error: Element is missing end tag.
  Plugin: vite:vue
  File: /Users/azidinkun/Desktop/internLabs/opinion-frontend/src/components/Register.vue:8:7
  6  |        <div class="fadeIn first"></div>
  7  |  
  8  |        <form @submit.prevent="register">
     |         ^
  9  |          <div class="form-group">
  10 |            <input type="text" v-model="firstName" id="firstName" class="fadeIn second" name="firstName"
      at createCompilerError (/Users/azidinkun/Desktop/internLabs/opinion-frontend/node_modules/@vue/compiler-core/dist/compiler-core.cjs.js:1332:17)
      at emitError (/Users/azidinkun/Desktop/internLabs/opinion-frontend/node_modules/@vue/compiler-core/dist/compiler-core.cjs.js:2822:5)
      at Object.onclosetag (/Users/azidinkun/Desktop/internLabs/opinion-frontend/node_modules/@vue/compiler-core/dist/compiler-core.cjs.js:2186:13)
      at Tokenizer.stateInClosingTagName (/Users/azidinkun/Desktop/internLabs/opinion-frontend/node_modules/@vue/compiler-core/dist/compiler-core.cjs.js:750:16)
      at Tokenizer.parse (/Users/azidinkun/Desktop/internLabs/opinion-frontend/node_modules/@vue/compiler-core/dist/compiler-core.cjs.js:1110:16)
      at Object.baseParse (/Users/azidinkun/Desktop/internLabs/opinion-frontend/node_modules/@vue/compiler-core/dist/compiler-core.cjs.js:2861:13)
      at Object.parse (/Users/azidinkun/Desktop/internLabs/opinion-frontend/node_modules/@vue/compiler-dom/dist/compiler-dom.cjs.js:703:23)
      at Object.parse$2 [as parse] (/Users/azidinkun/Desktop/internLabs/opinion-frontend/node_modules/@vue/compiler-sfc/dist/compiler-sfc.cjs.js:1851:24)
      at createDescriptor (file:///Users/azidinkun/Desktop/internLabs/opinion-frontend/node_modules/@vitejs/plugin-vue/dist/index.mjs:74:43)
      at handleHotUpdate (file:///Users/azidinkun/Desktop/internLabs/opinion-frontend/node_modules/@vitejs/plugin-vue/dist/index.mjs:2155:26)
1:56:19 PM [vite] hmr update /src/components/Register.vue
[vite:css] Nested CSS was detected, but CSS nesting has not been configured correctly.
Please enable a CSS nesting plugin *before* Tailwind in your configuration.
See how here: https://tailwindcss.com/docs/using-with-preprocessors#nesting
350|    background-position: 12px 11px;
351|  
352|    &:hover {
   |    ^^^^^^^^^
353|  
   |  ^
354|    }
   |  ^^^
1:56:33 PM [vite] hmr update /src/components/Register.vue?vue&type=style&index=0&scoped=6200fa47&lang.css, /src/components/Register.vue
[vite:css] Nested CSS was detected, but CSS nesting has not been configured correctly.
Please enable a CSS nesting plugin *before* Tailwind in your configuration.
See how here: https://tailwindcss.com/docs/using-with-preprocessors#nesting
377|    background-position: 12px 11px;
378|  
379|    &:hover {
   |    ^^^^^^^^^
380|  
   |  ^
381|    }
   |  ^^^
1:57:47 PM [vite] hmr update /src/components/Register.vue
[vite:css] Nested CSS was detected, but CSS nesting has not been configured correctly.
Please enable a CSS nesting plugin *before* Tailwind in your configuration.
See how here: https://tailwindcss.com/docs/using-with-preprocessors#nesting
377|    background-position: 12px 11px;
378|  
379|    &:hover {
   |    ^^^^^^^^^
380|  
   |  ^
381|    }
   |  ^^^
1:57:59 PM [vite] hmr update /src/components/Register.vue?vue&type=style&index=0&scoped=6200fa47&lang.css
[vite:css] Nested CSS was detected, but CSS nesting has not been configured correctly.
Please enable a CSS nesting plugin *before* Tailwind in your configuration.
See how here: https://tailwindcss.com/docs/using-with-preprocessors#nesting
411|    background-position: 12px 11px;
412|  
413|    &:hover {
   |    ^^^^^^^^^
414|  
   |  ^
415|    }
   |  ^^^
1:58:13 PM [vite] hmr update /src/components/Register.vue?vue&type=style&index=0&scoped=6200fa47&lang.css, /src/components/Register.vue
[vite:css] Nested CSS was detected, but CSS nesting has not been configured correctly.
Please enable a CSS nesting plugin *before* Tailwind in your configuration.
See how here: https://tailwindcss.com/docs/using-with-preprocessors#nesting
377|    background-position: 12px 11px;
378|  
379|    &:hover {
   |    ^^^^^^^^^
380|  
   |  ^
381|    }
   |  ^^^
1:59:42 PM [vite] hmr update /src/components/Register.vue
1:59:42 PM [vite] Internal server error: Element is missing end tag.
  Plugin: vite:vue
  File: /Users/azidinkun/Desktop/internLabs/opinion-frontend/src/components/Register.vue:8:7
  6  |        <div class="fadeIn first"></div>
  7  |  
  8  |        <form @submit.prevent="register">
     |         ^
  9  |          <div class="form-group">
  10 |            <input type="text" v-model="firstName" id="firstName" class="fadeIn second" name="firstName"
      at createCompilerError (/Users/azidinkun/Desktop/internLabs/opinion-frontend/node_modules/@vue/compiler-core/dist/compiler-core.cjs.js:1332:17)
      at emitError (/Users/azidinkun/Desktop/internLabs/opinion-frontend/node_modules/@vue/compiler-core/dist/compiler-core.cjs.js:2822:5)
      at Object.onclosetag (/Users/azidinkun/Desktop/internLabs/opinion-frontend/node_modules/@vue/compiler-core/dist/compiler-core.cjs.js:2186:13)
      at Tokenizer.stateInClosingTagName (/Users/azidinkun/Desktop/internLabs/opinion-frontend/node_modules/@vue/compiler-core/dist/compiler-core.cjs.js:750:16)
      at Tokenizer.parse (/Users/azidinkun/Desktop/internLabs/opinion-frontend/node_modules/@vue/compiler-core/dist/compiler-core.cjs.js:1110:16)
      at Object.baseParse (/Users/azidinkun/Desktop/internLabs/opinion-frontend/node_modules/@vue/compiler-core/dist/compiler-core.cjs.js:2861:13)
      at Object.parse (/Users/azidinkun/Desktop/internLabs/opinion-frontend/node_modules/@vue/compiler-dom/dist/compiler-dom.cjs.js:703:23)
      at Object.parse$2 [as parse] (/Users/azidinkun/Desktop/internLabs/opinion-frontend/node_modules/@vue/compiler-sfc/dist/compiler-sfc.cjs.js:1851:24)
      at createDescriptor (file:///Users/azidinkun/Desktop/internLabs/opinion-frontend/node_modules/@vitejs/plugin-vue/dist/index.mjs:74:43)
      at handleHotUpdate (file:///Users/azidinkun/Desktop/internLabs/opinion-frontend/node_modules/@vitejs/plugin-vue/dist/index.mjs:2155:26)
1:59:42 PM [vite] Internal server error: Element is missing end tag.
  Plugin: vite:vue
  File: /Users/azidinkun/Desktop/internLabs/opinion-frontend/src/components/Register.vue:8:7
  6  |        <div class="fadeIn first"></div>
  7  |  
  8  |        <form @submit.prevent="register">
     |         ^
  9  |          <div class="form-group">
  10 |            <input type="text" v-model="firstName" id="firstName" class="fadeIn second" name="firstName"
      at createCompilerError (/Users/azidinkun/Desktop/internLabs/opinion-frontend/node_modules/@vue/compiler-core/dist/compiler-core.cjs.js:1332:17)
      at emitError (/Users/azidinkun/Desktop/internLabs/opinion-frontend/node_modules/@vue/compiler-core/dist/compiler-core.cjs.js:2822:5)
      at Object.onclosetag (/Users/azidinkun/Desktop/internLabs/opinion-frontend/node_modules/@vue/compiler-core/dist/compiler-core.cjs.js:2186:13)
      at Tokenizer.stateInClosingTagName (/Users/azidinkun/Desktop/internLabs/opinion-frontend/node_modules/@vue/compiler-core/dist/compiler-core.cjs.js:750:16)
      at Tokenizer.parse (/Users/azidinkun/Desktop/internLabs/opinion-frontend/node_modules/@vue/compiler-core/dist/compiler-core.cjs.js:1110:16)
      at Object.baseParse (/Users/azidinkun/Desktop/internLabs/opinion-frontend/node_modules/@vue/compiler-core/dist/compiler-core.cjs.js:2861:13)
      at Object.parse (/Users/azidinkun/Desktop/internLabs/opinion-frontend/node_modules/@vue/compiler-dom/dist/compiler-dom.cjs.js:703:23)
      at Object.parse$2 [as parse] (/Users/azidinkun/Desktop/internLabs/opinion-frontend/node_modules/@vue/compiler-sfc/dist/compiler-sfc.cjs.js:1851:24)
      at createDescriptor (file:///Users/azidinkun/Desktop/internLabs/opinion-frontend/node_modules/@vitejs/plugin-vue/dist/index.mjs:74:43)
      at handleHotUpdate (file:///Users/azidinkun/Desktop/internLabs/opinion-frontend/node_modules/@vitejs/plugin-vue/dist/index.mjs:2155:26)
2:00:37 PM [vite] hmr update /src/components/Register.vue
[vite:css] Nested CSS was detected, but CSS nesting has not been configured correctly.
Please enable a CSS nesting plugin *before* Tailwind in your configuration.
See how here: https://tailwindcss.com/docs/using-with-preprocessors#nesting
377|    background-position: 12px 11px;
378|  
379|    &:hover {
   |    ^^^^^^^^^
380|  
   |  ^
381|    }
   |  ^^^
2:01:10 PM [vite] hmr update /src/components/Register.vue?vue&type=style&index=0&scoped=6200fa47&lang.css
[vite:css] Nested CSS was detected, but CSS nesting has not been configured correctly.
Please enable a CSS nesting plugin *before* Tailwind in your configuration.
See how here: https://tailwindcss.com/docs/using-with-preprocessors#nesting
385|    background-position: 12px 11px;
386|  
387|    &:hover {
   |    ^^^^^^^^^
388|  
   |  ^
389|    }
   |  ^^^
2:02:03 PM [vite] hmr update /src/components/Register.vue?vue&type=style&index=0&scoped=6200fa47&lang.css, /src/components/Register.vue
[vite:css] Nested CSS was detected, but CSS nesting has not been configured correctly.
Please enable a CSS nesting plugin *before* Tailwind in your configuration.
See how here: https://tailwindcss.com/docs/using-with-preprocessors#nesting
384|    background-position: 12px 11px;
385|  
386|    &:hover {
   |    ^^^^^^^^^
387|  
   |  ^
388|    }
   |  ^^^
2:03:10 PM [vite] hmr update /src/components/Register.vue
[vite:css] Nested CSS was detected, but CSS nesting has not been configured correctly.
Please enable a CSS nesting plugin *before* Tailwind in your configuration.
See how here: https://tailwindcss.com/docs/using-with-preprocessors#nesting
384|    background-position: 12px 11px;
385|  
386|    &:hover {
   |    ^^^^^^^^^
387|  
   |  ^
388|    }
   |  ^^^
2:03:34 PM [vite] hmr update /src/components/Register.vue
[vite:css] Nested CSS was detected, but CSS nesting has not been configured correctly.
Please enable a CSS nesting plugin *before* Tailwind in your configuration.
See how here: https://tailwindcss.com/docs/using-with-preprocessors#nesting
384|    background-position: 12px 11px;
385|  
386|    &:hover {
   |    ^^^^^^^^^
387|  
   |  ^
388|    }
   |  ^^^
2:03:51 PM [vite] hmr update /src/components/Register.vue
[vite:css] Nested CSS was detected, but CSS nesting has not been configured correctly.
Please enable a CSS nesting plugin *before* Tailwind in your configuration.
See how here: https://tailwindcss.com/docs/using-with-preprocessors#nesting
384|    background-position: 12px 11px;
385|  
386|    &:hover {
   |    ^^^^^^^^^
387|  
   |  ^
388|    }
   |  ^^^
2:04:00 PM [vite] hmr update /src/components/Register.vue?vue&type=style&index=0&scoped=6200fa47&lang.css, /src/components/Register.vue
[vite:css] Nested CSS was detected, but CSS nesting has not been configured correctly.
Please enable a CSS nesting plugin *before* Tailwind in your configuration.
See how here: https://tailwindcss.com/docs/using-with-preprocessors#nesting
385|    background-position: 12px 11px;
386|  
387|    &:hover {
   |    ^^^^^^^^^
388|  
   |  ^
389|    }
   |  ^^^
2:06:00 PM [vite] hmr update /src/components/Register.vue
[vite:css] Nested CSS was detected, but CSS nesting has not been configured correctly.
Please enable a CSS nesting plugin *before* Tailwind in your configuration.
See how here: https://tailwindcss.com/docs/using-with-preprocessors#nesting
385|    background-position: 12px 11px;
386|  
387|    &:hover {
   |    ^^^^^^^^^
388|  
   |  ^
389|    }
   |  ^^^
2:08:30 PM [vite] hmr update /src/components/Register.vue
[vite:css] Nested CSS was detected, but CSS nesting has not been configured correctly.
Please enable a CSS nesting plugin *before* Tailwind in your configuration.
See how here: https://tailwindcss.com/docs/using-with-preprocessors#nesting
385|    background-position: 12px 11px;
386|  
387|    &:hover {
   |    ^^^^^^^^^
388|  
   |  ^
389|    }
   |  ^^^
2:08:42 PM [vite] hmr update /src/components/Register.vue?vue&type=style&index=0&scoped=6200fa47&lang.css
[vite:css] Nested CSS was detected, but CSS nesting has not been configured correctly.
Please enable a CSS nesting plugin *before* Tailwind in your configuration.
See how here: https://tailwindcss.com/docs/using-with-preprocessors#nesting
389|    background-position: 12px 11px;
390|  
391|    &:hover {
   |    ^^^^^^^^^
392|  
   |  ^
393|    }
   |  ^^^
2:08:51 PM [vite] hmr update /src/components/Register.vue?vue&type=style&index=0&scoped=6200fa47&lang.css
[vite:css] Nested CSS was detected, but CSS nesting has not been configured correctly.
Please enable a CSS nesting plugin *before* Tailwind in your configuration.
See how here: https://tailwindcss.com/docs/using-with-preprocessors#nesting
389|    background-position: 12px 11px;
390|  
391|    &:hover {
   |    ^^^^^^^^^
392|  
   |  ^
393|    }
   |  ^^^
2:09:02 PM [vite] hmr update /src/components/Register.vue?vue&type=style&index=0&scoped=6200fa47&lang.css
[vite:css] Nested CSS was detected, but CSS nesting has not been configured correctly.
Please enable a CSS nesting plugin *before* Tailwind in your configuration.
See how here: https://tailwindcss.com/docs/using-with-preprocessors#nesting
389|    background-position: 12px 11px;
390|  
391|    &:hover {
   |    ^^^^^^^^^
392|  
   |  ^
393|    }
   |  ^^^
2:09:27 PM [vite] hmr update /src/components/Register.vue?vue&type=style&index=0&scoped=6200fa47&lang.css
[vite:css] Nested CSS was detected, but CSS nesting has not been configured correctly.
Please enable a CSS nesting plugin *before* Tailwind in your configuration.
See how here: https://tailwindcss.com/docs/using-with-preprocessors#nesting
390|    background-position: 12px 11px;
391|  
392|    &:hover {
   |    ^^^^^^^^^
393|  
   |  ^
394|    }
   |  ^^^
2:10:27 PM [vite] hmr update /src/components/Register.vue?vue&type=style&index=0&scoped=6200fa47&lang.css, /src/components/Register.vue
[vite:css] Nested CSS was detected, but CSS nesting has not been configured correctly.
Please enable a CSS nesting plugin *before* Tailwind in your configuration.
See how here: https://tailwindcss.com/docs/using-with-preprocessors#nesting
393|    background-position: 12px 11px;
394|  
395|    &:hover {
   |    ^^^^^^^^^
396|  
   |  ^
397|    }
   |  ^^^
2:10:35 PM [vite] hmr update /src/components/Register.vue?vue&type=style&index=0&scoped=6200fa47&lang.css
[vite:css] Nested CSS was detected, but CSS nesting has not been configured correctly.
Please enable a CSS nesting plugin *before* Tailwind in your configuration.
See how here: https://tailwindcss.com/docs/using-with-preprocessors#nesting
393|    background-position: 12px 11px;
394|  
395|    &:hover {
   |    ^^^^^^^^^
396|  
   |  ^
397|    }
   |  ^^^
2:10:50 PM [vite] hmr update /src/components/Register.vue?vue&type=style&index=0&scoped=6200fa47&lang.css
[vite:css] Nested CSS was detected, but CSS nesting has not been configured correctly.
Please enable a CSS nesting plugin *before* Tailwind in your configuration.
See how here: https://tailwindcss.com/docs/using-with-preprocessors#nesting
394|    background-position: 12px 11px;
395|  
396|    &:hover {
   |    ^^^^^^^^^
397|  
   |  ^
398|    }
   |  ^^^
2:11:49 PM [vite] hmr update /src/components/Register.vue?vue&type=style&index=0&scoped=6200fa47&lang.css, /src/components/Register.vue
[vite:css] Nested CSS was detected, but CSS nesting has not been configured correctly.
Please enable a CSS nesting plugin *before* Tailwind in your configuration.
See how here: https://tailwindcss.com/docs/using-with-preprocessors#nesting
394|    background-position: 12px 11px;
395|  
396|    &:hover {
   |    ^^^^^^^^^
397|  
   |  ^
398|    }
   |  ^^^
2:12:17 PM [vite] hmr update /src/components/Register.vue?vue&type=style&index=0&scoped=6200fa47&lang.css
[vite:css] Nested CSS was detected, but CSS nesting has not been configured correctly.
Please enable a CSS nesting plugin *before* Tailwind in your configuration.
See how here: https://tailwindcss.com/docs/using-with-preprocessors#nesting
395|    background-position: 12px 11px;
396|  
397|    &:hover {
   |    ^^^^^^^^^
398|  
   |  ^
399|    }
   |  ^^^
2:12:24 PM [vite] hmr update /src/components/Register.vue?vue&type=style&index=0&scoped=6200fa47&lang.css
[vite:css] Nested CSS was detected, but CSS nesting has not been configured correctly.
Please enable a CSS nesting plugin *before* Tailwind in your configuration.
See how here: https://tailwindcss.com/docs/using-with-preprocessors#nesting
395|    background-position: 12px 11px;
396|  
397|    &:hover {
   |    ^^^^^^^^^
398|  
   |  ^
399|    }
   |  ^^^
2:12:35 PM [vite] hmr update /src/components/Register.vue?vue&type=style&index=0&scoped=6200fa47&lang.css
[vite:css] Nested CSS was detected, but CSS nesting has not been configured correctly.
Please enable a CSS nesting plugin *before* Tailwind in your configuration.
See how here: https://tailwindcss.com/docs/using-with-preprocessors#nesting
395|    background-position: 12px 11px;
396|  
397|    &:hover {
   |    ^^^^^^^^^
398|  
   |  ^
399|    }
   |  ^^^
2:12:55 PM [vite] hmr update /src/components/Register.vue
[vite:css] Nested CSS was detected, but CSS nesting has not been configured correctly.
Please enable a CSS nesting plugin *before* Tailwind in your configuration.
See how here: https://tailwindcss.com/docs/using-with-preprocessors#nesting
395|    background-position: 12px 11px;
396|  
397|    &:hover {
   |    ^^^^^^^^^
398|  
   |  ^
399|    }
   |  ^^^
2:19:27 PM [vite] hmr update /src/components/Register.vue?vue&type=style&index=0&scoped=6200fa47&lang.css
[vite:css] Nested CSS was detected, but CSS nesting has not been configured correctly.
Please enable a CSS nesting plugin *before* Tailwind in your configuration.
See how here: https://tailwindcss.com/docs/using-with-preprocessors#nesting
395|    background-position: 12px 11px;
396|  
397|    &:hover {
   |    ^^^^^^^^^
398|  
   |  ^
399|    }
   |  ^^^
2:19:55 PM [vite] hmr update /src/components/Register.vue?vue&type=style&index=0&scoped=6200fa47&lang.css
[vite:css] Nested CSS was detected, but CSS nesting has not been configured correctly.
Please enable a CSS nesting plugin *before* Tailwind in your configuration.
See how here: https://tailwindcss.com/docs/using-with-preprocessors#nesting
396|    background-position: 12px 11px;
397|  
398|    &:hover {
   |    ^^^^^^^^^
399|  
   |  ^
400|    }
   |  ^^^
2:20:27 PM [vite] hmr update /src/components/Register.vue?vue&type=style&index=0&scoped=6200fa47&lang.css
[vite:css] Nested CSS was detected, but CSS nesting has not been configured correctly.
Please enable a CSS nesting plugin *before* Tailwind in your configuration.
See how here: https://tailwindcss.com/docs/using-with-preprocessors#nesting
396|    background-position: 12px 11px;
397|  
398|    &:hover {
   |    ^^^^^^^^^
399|  
   |  ^
400|    }
   |  ^^^
2:21:00 PM [vite] hmr update /src/components/Register.vue?vue&type=style&index=0&scoped=6200fa47&lang.css
2:21:00 PM [vite] Internal server error: [postcss] /Users/azidinkun/Desktop/internLabs/opinion-frontend/src/components/Register.vue?vue&type=style&index=0&scoped=6200fa47&lang.css:74:3: Unknown word
  Plugin: vite:css
  File: /Users/azidinkun/Desktop/internLabs/opinion-frontend/src/components/Register.vue?vue&type=style&index=0&scoped=6200fa47&lang.css:262:2
  72 |  .qwe{
  73 |    font-
  74 |    color: #1f42b2;
     |    ^
  75 |    font-size: 12px;
  76 |    margin-right: 2px;
      at Input.error (/Users/azidinkun/Desktop/internLabs/opinion-frontend/node_modules/postcss/lib/input.js:106:16)
      at Parser.unknownWord (/Users/azidinkun/Desktop/internLabs/opinion-frontend/node_modules/postcss/lib/parser.js:594:22)
      at Parser.decl (/Users/azidinkun/Desktop/internLabs/opinion-frontend/node_modules/postcss/lib/parser.js:237:16)
      at Parser.other (/Users/azidinkun/Desktop/internLabs/opinion-frontend/node_modules/postcss/lib/parser.js:400:18)
      at Parser.parse (/Users/azidinkun/Desktop/internLabs/opinion-frontend/node_modules/postcss/lib/parser.js:471:16)
      at parse (/Users/azidinkun/Desktop/internLabs/opinion-frontend/node_modules/postcss/lib/parse.js:11:12)
      at new LazyResult (/Users/azidinkun/Desktop/internLabs/opinion-frontend/node_modules/postcss/lib/lazy-result.js:133:16)
      at Processor.process (/Users/azidinkun/Desktop/internLabs/opinion-frontend/node_modules/postcss/lib/processor.js:53:14)
      at compileCSS (file:///Users/azidinkun/Desktop/internLabs/opinion-frontend/node_modules/vite/dist/node/chunks/dep-V3BH7oO1.js:40337:63)
      at process.processTicksAndRejections (node:internal/process/task_queues:95:5)
2:21:00 PM [vite] Internal server error: [postcss] /Users/azidinkun/Desktop/internLabs/opinion-frontend/src/components/Register.vue?vue&type=style&index=0&scoped=6200fa47&lang.css:74:3: Unknown word
  Plugin: vite:css
  File: /Users/azidinkun/Desktop/internLabs/opinion-frontend/src/components/Register.vue?vue&type=style&index=0&scoped=6200fa47&lang.css:262:2
  72 |  .qwe{
  73 |    font-
  74 |    color: #1f42b2;
     |    ^
  75 |    font-size: 12px;
  76 |    margin-right: 2px;
      at Input.error (/Users/azidinkun/Desktop/internLabs/opinion-frontend/node_modules/postcss/lib/input.js:106:16)
      at Parser.unknownWord (/Users/azidinkun/Desktop/internLabs/opinion-frontend/node_modules/postcss/lib/parser.js:594:22)
      at Parser.decl (/Users/azidinkun/Desktop/internLabs/opinion-frontend/node_modules/postcss/lib/parser.js:237:16)
      at Parser.other (/Users/azidinkun/Desktop/internLabs/opinion-frontend/node_modules/postcss/lib/parser.js:400:18)
      at Parser.parse (/Users/azidinkun/Desktop/internLabs/opinion-frontend/node_modules/postcss/lib/parser.js:471:16)
      at parse (/Users/azidinkun/Desktop/internLabs/opinion-frontend/node_modules/postcss/lib/parse.js:11:12)
      at new LazyResult (/Users/azidinkun/Desktop/internLabs/opinion-frontend/node_modules/postcss/lib/lazy-result.js:133:16)
      at Processor.process (/Users/azidinkun/Desktop/internLabs/opinion-frontend/node_modules/postcss/lib/processor.js:53:14)
      at compileCSS (file:///Users/azidinkun/Desktop/internLabs/opinion-frontend/node_modules/vite/dist/node/chunks/dep-V3BH7oO1.js:40337:63)
      at process.processTicksAndRejections (node:internal/process/task_queues:95:5)
2:21:07 PM [vite] hmr update /src/components/Register.vue?vue&type=style&index=0&scoped=6200fa47&lang.css
[vite:css] Nested CSS was detected, but CSS nesting has not been configured correctly.
Please enable a CSS nesting plugin *before* Tailwind in your configuration.
See how here: https://tailwindcss.com/docs/using-with-preprocessors#nesting
396|    background-position: 12px 11px;
397|  
398|    &:hover {
   |    ^^^^^^^^^
399|  
   |  ^
400|    }
   |  ^^^
2:21:30 PM [vite] hmr update /src/components/Register.vue
[vite:css] Nested CSS was detected, but CSS nesting has not been configured correctly.
Please enable a CSS nesting plugin *before* Tailwind in your configuration.
See how here: https://tailwindcss.com/docs/using-with-preprocessors#nesting
396|    background-position: 12px 11px;
397|  
398|    &:hover {
   |    ^^^^^^^^^
399|  
   |  ^
400|    }
   |  ^^^
2:21:50 PM [vite] hmr update /src/components/Register.vue?vue&type=style&index=0&scoped=6200fa47&lang.css
[vite:css] Nested CSS was detected, but CSS nesting has not been configured correctly.
Please enable a CSS nesting plugin *before* Tailwind in your configuration.
See how here: https://tailwindcss.com/docs/using-with-preprocessors#nesting
396|    background-position: 12px 11px;
397|  
398|    &:hover {
   |    ^^^^^^^^^
399|  
   |  ^
400|    }
   |  ^^^
2:21:57 PM [vite] hmr update /src/components/Register.vue?vue&type=style&index=0&scoped=6200fa47&lang.css
[vite:css] Nested CSS was detected, but CSS nesting has not been configured correctly.
Please enable a CSS nesting plugin *before* Tailwind in your configuration.
See how here: https://tailwindcss.com/docs/using-with-preprocessors#nesting
396|    background-position: 12px 11px;
397|  
398|    &:hover {
   |    ^^^^^^^^^
399|  
   |  ^
400|    }
   |  ^^^
